[2025-11-20 07:34:38] INFO: Logging to file: /Users/stesmith/Documents/depredation/boldgenotyper/data/Eubalaena_results/Eubalaena_pipeline.log
[2025-11-20 07:34:38] INFO: ================================================================================
[2025-11-20 07:34:38] INFO: BOLDGenotyper Pipeline - Eubalaena
[2025-11-20 07:34:38] INFO: ================================================================================
[2025-11-20 07:34:38] INFO: Input TSV: data/Eubalaena.tsv
[2025-11-20 07:34:38] INFO: Output directory: /Users/stesmith/Documents/depredation/boldgenotyper/data/Eubalaena_results
[2025-11-20 07:34:38] INFO: 
[2025-11-20 07:34:38] INFO: Saved pipeline parameters to /Users/stesmith/Documents/depredation/boldgenotyper/data/Eubalaena_results/Eubalaena_pipeline_parameters.json
[2025-11-20 07:34:38] INFO: PHASE 1: Data Loading and Quality Control
[2025-11-20 07:34:38] INFO: --------------------------------------------------------------------------------
[2025-11-20 07:34:38] INFO: 1.1: Parsing BOLD TSV metadata...
[2025-11-20 07:34:38] INFO: Reading BOLD TSV file: data/Eubalaena.tsv
[2025-11-20 07:34:38] INFO: Read 83 rows and 82 columns
[2025-11-20 07:34:38] WARNING: Found 20 duplicate processids. Examples: ['GBMTG632-16', 'GBMTG632-16', 'GBMTG632-16', 'GBMTG632-16', 'GBMTG632-16']. Keeping only first occurrence of each duplicate.
[2025-11-20 07:34:38] INFO: After removing duplicates: 63 rows remaining
[2025-11-20 07:34:38] INFO: Data quality summary:
[2025-11-20 07:34:38] INFO:   total_rows: 63
[2025-11-20 07:34:38] INFO:   total_columns: 82
[2025-11-20 07:34:38] INFO:   unique_processids: 63
[2025-11-20 07:34:38] INFO:   sequences_present: 63
[2025-11-20 07:34:38] INFO:   sequences_missing: 0
[2025-11-20 07:34:38] INFO:   empty_sequences: 0
[2025-11-20 07:34:38] INFO:   coords_present: 45
[2025-11-20 07:34:38] INFO:   coords_missing: 18
[2025-11-20 07:34:38] INFO:   centroid_coords: 2
[2025-11-20 07:34:38] INFO:   ✓ Loaded 63 samples with 82 columns
[2025-11-20 07:34:38] INFO: 1.2: Filtering coordinate quality...
[2025-11-20 07:34:38] INFO: Excluded 2 samples with centroid coordinates
[2025-11-20 07:34:38] INFO: Coordinate filtering: 61/63 samples retained (96.8%), 2 excluded
[2025-11-20 07:34:38] INFO:   ✓ Retained 61/63 samples after coordinate filtering
[2025-11-20 07:34:38] INFO: 1.3: Assigning ocean basins...
[2025-11-20 07:34:38] INFO: Loading GOaS shapefile from: /Users/stesmith/Documents/depredation/boldgenotyper/GOaS_v1_20211214/goas_v01.shp
[2025-11-20 07:35:01] INFO: Loaded 10 ocean basins from GOaS shapefile
[2025-11-20 07:35:01] INFO: Creating point geometries from coordinates
[2025-11-20 07:35:01] INFO: Creating point geometries for 43/61 samples with coordinates
[2025-11-20 07:35:01] INFO: Performing spatial join for 43/61 samples with valid coordinates
[2025-11-20 07:35:02] INFO: Spatial join results: 40 assigned to basins, 3 outside all basins
[2025-11-20 07:35:02] INFO: Assigned 21 samples to 'Unknown' basin (no coordinates or outside all basins)
[2025-11-20 07:35:02] INFO:   ✓ Assigned ocean basins to samples
[2025-11-20 07:35:02] INFO: 
[2025-11-20 07:35:02] INFO: PHASE 2: Sequence Dereplication and Consensus Generation
[2025-11-20 07:35:02] INFO: --------------------------------------------------------------------------------
[2025-11-20 07:35:02] INFO: 2.1: Generating FASTA from sequences...
[2025-11-20 07:35:02] INFO:   Minimum sequence length: 400 bp
[2025-11-20 07:35:02] INFO:   ✓ Created 61 FASTA records
[2025-11-20 07:35:02] INFO: 2.2: Dereplicating sequences (clustering at 99% identity)...
[2025-11-20 07:35:02] INFO: Running MAFFT alignment: mafft --auto /Users/stesmith/Documents/depredation/boldgenotyper/data/Eubalaena_results/intermediate/Eubalaena.fasta
[2025-11-20 07:35:37] INFO: MAFFT alignment completed: /Users/stesmith/Documents/depredation/boldgenotyper/data/Eubalaena_results/intermediate/dereplication/Eubalaena_aligned.fasta
[2025-11-20 07:35:37] INFO: Running trimAl: trimal -in /Users/stesmith/Documents/depredation/boldgenotyper/data/Eubalaena_results/intermediate/dereplication/Eubalaena_aligned.fasta -out /Users/stesmith/Documents/depredation/boldgenotyper/data/Eubalaena_results/intermediate/dereplication/Eubalaena_trimmed.fasta -automated1
[2025-11-20 07:35:37] INFO: trimAl completed: /Users/stesmith/Documents/depredation/boldgenotyper/data/Eubalaena_results/intermediate/dereplication/Eubalaena_trimmed.fasta
[2025-11-20 07:35:37] INFO: Calculating pairwise distances for 61 sequences
[2025-11-20 07:35:38] INFO: Distance calculation complete: 1830 pairwise distances
[2025-11-20 07:35:38] INFO: Clustering sequences with average linkage, threshold=0.03
[2025-11-20 07:35:38] INFO: Clustering complete: 1 clusters formed
[2025-11-20 07:35:38] INFO: Wrote consensus metadata to /Users/stesmith/Documents/depredation/boldgenotyper/data/Eubalaena_results/intermediate/dereplication/Eubalaena_consensus_metadata.csv
[2025-11-20 07:35:38] INFO:   ✓ Identified 1 unique genotypes
[2025-11-20 07:35:38] INFO: 
[2025-11-20 07:35:38] INFO: PHASE 3: Genotype Assignment
[2025-11-20 07:35:38] INFO: --------------------------------------------------------------------------------
[2025-11-20 07:35:38] INFO: 3.1: Assigning samples to genotypes...
[2025-11-20 07:35:38] INFO: ======================================================================
[2025-11-20 07:35:38] INFO: Starting genotype assignment workflow
[2025-11-20 07:35:38] INFO: ======================================================================
[2025-11-20 07:35:38] INFO: Using edlib for fast edit distance calculation
[2025-11-20 07:35:38] INFO: Step 1/6: Loading metadata from /Users/stesmith/Documents/depredation/boldgenotyper/data/Eubalaena_results/intermediate/02_filtered_metadata.tsv
[2025-11-20 07:35:38] INFO: Loaded 61 samples from metadata
[2025-11-20 07:35:38] INFO: Step 2/6: Loading consensus sequences from /Users/stesmith/Documents/depredation/boldgenotyper/data/Eubalaena_results/intermediate/dereplication/Eubalaena_consensus.fasta
[2025-11-20 07:35:38] INFO: Read 1 sequences from /Users/stesmith/Documents/depredation/boldgenotyper/data/Eubalaena_results/intermediate/dereplication/Eubalaena_consensus.fasta
[2025-11-20 07:35:38] INFO: Loaded 1 consensus groups
[2025-11-20 07:35:38] INFO: Step 3/6: Loading raw sequences from /Users/stesmith/Documents/depredation/boldgenotyper/data/Eubalaena_results/intermediate/Eubalaena.fasta
[2025-11-20 07:35:38] INFO: Read 61 sequences from /Users/stesmith/Documents/depredation/boldgenotyper/data/Eubalaena_results/intermediate/Eubalaena.fasta
[2025-11-20 07:35:38] INFO: Extracted 61 unique processids from FASTA
[2025-11-20 07:35:38] INFO: Step 4/6: Preparing assignment tasks
[2025-11-20 07:35:38] INFO: Prepared 61 assignment tasks
[2025-11-20 07:35:38] INFO: Step 5/6: Assigning genotypes (using 4 processes)
[2025-11-20 07:35:38] INFO: Identity calculation method: target_based
[2025-11-20 07:35:38] INFO: Tie margin: 0.003, tie_min_identity: 0.95
[2025-11-20 07:35:41] INFO: Completed genotype assignment for 61 samples
[2025-11-20 07:35:41] INFO: Step 6/6: Writing outputs
[2025-11-20 07:35:41] INFO: Wrote updated metadata to /Users/stesmith/Documents/depredation/boldgenotyper/data/Eubalaena_results/intermediate/genotype_assignments/Eubalaena_with_genotypes.tsv
[2025-11-20 07:35:41] INFO: Renamed 1 consensus groups with sample counts (_nZ suffix)
[2025-11-20 07:35:41] INFO: Wrote updated metadata to /Users/stesmith/Documents/depredation/boldgenotyper/data/Eubalaena_results/intermediate/genotype_assignments/Eubalaena_with_genotypes.tsv
[2025-11-20 07:35:41] INFO: Wrote diagnostics to /Users/stesmith/Documents/depredation/boldgenotyper/data/Eubalaena_results/genotype_assignments/Eubalaena_diagnostics.csv
[2025-11-20 07:35:41] INFO: ======================================================================
[2025-11-20 07:35:41] INFO: Genotype assignment summary:
[2025-11-20 07:35:41] INFO:   Total samples: 61
[2025-11-20 07:35:41] INFO:   Successfully assigned: 61 (100.0%)
[2025-11-20 07:35:41] INFO:   Unassigned: 0 (0.0%)
[2025-11-20 07:35:41] INFO:     - No sequence in FASTA: 0
[2025-11-20 07:35:41] INFO:     - Below identity threshold: 0
[2025-11-20 07:35:41] INFO:   Diagnostic flags:
[2025-11-20 07:35:41] INFO:     - Ties (ambiguous): 0
[2025-11-20 07:35:41] INFO:     - Low confidence: 0
[2025-11-20 07:35:41] INFO: ======================================================================
[2025-11-20 07:35:41] INFO:   ✓ Assigned 61/61 samples to genotypes
[2025-11-20 07:35:41] INFO:   ✓ Assignment rate: 100.0%
[2025-11-20 07:35:41] INFO: 
[2025-11-20 07:35:41] INFO: PHASE 4: Taxonomy Assignment to Consensus Groups
[2025-11-20 07:35:41] INFO: --------------------------------------------------------------------------------
[2025-11-20 07:35:41] INFO: 4.1: Assigning taxonomy to consensus groups...
[2025-11-20 07:35:41] INFO:   ✓ Assigned taxonomy to 1 consensus groups
[2025-11-20 07:35:41] INFO:   ✓ Saved annotated dataset: /Users/stesmith/Documents/depredation/boldgenotyper/data/Eubalaena_results/Eubalaena_annotated.csv
[2025-11-20 07:35:41] INFO: 
[2025-11-20 07:35:41] INFO: PHASE 5: Phylogenetic Analysis
[2025-11-20 07:35:41] INFO: --------------------------------------------------------------------------------
[2025-11-20 07:35:41] INFO:   ⊘ Phylogenetic tree building disabled in config
[2025-11-20 07:35:41] INFO: 
[2025-11-20 07:35:41] INFO: PHASE 6: Visualization
[2025-11-20 07:35:41] INFO: --------------------------------------------------------------------------------
[2025-11-20 07:35:41] INFO: 6.1: Generating plots...
[2025-11-20 07:35:42] INFO: Saved ocean basin abundance (relative) plot: /Users/stesmith/Documents/depredation/boldgenotyper/data/Eubalaena_results/visualization/Eubalaena_distribution_bar.png
[2025-11-20 07:35:43] INFO: Saved ocean basin abundance (total counts) plot: /Users/stesmith/Documents/depredation/boldgenotyper/data/Eubalaena_results/visualization/Eubalaena_totaldistribution_bar.png
[2025-11-20 07:35:43] INFO: Creating faceted distribution map with cartopy backgrounds, faceting by species
[2025-11-20 07:35:43] INFO: Saved faceted distribution map: /Users/stesmith/Documents/depredation/boldgenotyper/data/Eubalaena_results/visualization/Eubalaena_distribution_map_faceted.png
[2025-11-20 07:35:43] INFO: Saved faceted basin abundance plot: /Users/stesmith/Documents/depredation/boldgenotyper/data/Eubalaena_results/visualization/Eubalaena_distribution_bar_faceted.png
[2025-11-20 07:35:44] INFO: Saved identity distribution plot: /Users/stesmith/Documents/depredation/boldgenotyper/data/Eubalaena_results/genotype_assignments/Eubalaena_identity_distribution.png
[2025-11-20 07:35:45] INFO: Saved ocean basin abundance (relative) plot: /Users/stesmith/Documents/depredation/boldgenotyper/data/Eubalaena_results/visualization/Eubalaena_distribution_bar.pdf
[2025-11-20 07:35:45] INFO: Saved ocean basin abundance (total counts) plot: /Users/stesmith/Documents/depredation/boldgenotyper/data/Eubalaena_results/visualization/Eubalaena_totaldistribution_bar.pdf
[2025-11-20 07:35:45] INFO: Creating faceted distribution map with cartopy backgrounds, faceting by species
[2025-11-20 07:35:45] INFO: Saved faceted distribution map: /Users/stesmith/Documents/depredation/boldgenotyper/data/Eubalaena_results/visualization/Eubalaena_distribution_map_faceted.pdf
[2025-11-20 07:35:45] INFO: Saved faceted basin abundance plot: /Users/stesmith/Documents/depredation/boldgenotyper/data/Eubalaena_results/visualization/Eubalaena_distribution_bar_faceted.pdf
[2025-11-20 07:35:45] INFO: Saved identity distribution plot: /Users/stesmith/Documents/depredation/boldgenotyper/data/Eubalaena_results/genotype_assignments/Eubalaena_identity_distribution.pdf
[2025-11-20 07:35:45] INFO:   ✓ Generated visualization plots
[2025-11-20 07:35:45] INFO: 
[2025-11-20 07:35:45] INFO: PHASE 7: Generating Reports
[2025-11-20 07:35:45] INFO: --------------------------------------------------------------------------------
[2025-11-20 07:35:45] INFO: Assignment summary saved: /Users/stesmith/Documents/depredation/boldgenotyper/data/Eubalaena_results/reports/Eubalaena_assignment_summary.csv
[2025-11-20 07:35:45] INFO:   ✓ Generated assignment summary: /Users/stesmith/Documents/depredation/boldgenotyper/data/Eubalaena_results/reports/Eubalaena_assignment_summary.csv
[2025-11-20 07:35:45] INFO: 
[2025-11-20 07:35:45] INFO: Cleaning up empty directories...
[2025-11-20 07:35:45] INFO:   ✓ Removed empty directories
[2025-11-20 07:35:45] INFO: 
[2025-11-20 07:35:45] INFO: Generating HTML summary report...
[2025-11-20 07:35:45] INFO: Generating HTML summary report for Eubalaena...
[2025-11-20 07:35:45] INFO: HTML report saved: /Users/stesmith/Documents/depredation/boldgenotyper/data/Eubalaena_results/Eubalaena_summary_report.html
[2025-11-20 07:35:45] INFO:   ✓ Generated HTML report: /Users/stesmith/Documents/depredation/boldgenotyper/data/Eubalaena_results/Eubalaena_summary_report.html
[2025-11-20 07:35:45] INFO: 
[2025-11-20 07:35:45] INFO: ================================================================================
[2025-11-20 07:35:45] INFO: ✓ Pipeline completed successfully for Eubalaena
[2025-11-20 07:35:45] INFO:   Output directory: /Users/stesmith/Documents/depredation/boldgenotyper/data/Eubalaena_results
[2025-11-20 07:35:45] INFO:   Key files:
[2025-11-20 07:35:45] INFO:     - Annotated data: /Users/stesmith/Documents/depredation/boldgenotyper/data/Eubalaena_results/Eubalaena_annotated.csv
[2025-11-20 07:35:45] INFO:     - Consensus sequences: /Users/stesmith/Documents/depredation/boldgenotyper/data/Eubalaena_results/intermediate/dereplication/Eubalaena_consensus.fasta
[2025-11-20 07:35:45] INFO:     - HTML summary report: /Users/stesmith/Documents/depredation/boldgenotyper/data/Eubalaena_results/Eubalaena_summary_report.html
[2025-11-20 07:35:45] INFO: ================================================================================
