[2025-11-19 22:01:30] INFO: Logging to file: /Users/stesmith/Documents/depredation/boldgenotyper/data/atlantic_cod_results/Atlantic Cod_pipeline.log
[2025-11-19 22:01:30] INFO: ================================================================================
[2025-11-19 22:01:30] INFO: BOLDGenotyper Pipeline - Atlantic Cod
[2025-11-19 22:01:30] INFO: ================================================================================
[2025-11-19 22:01:30] INFO: Input TSV: data/atlantic_cod.tsv
[2025-11-19 22:01:30] INFO: Output directory: /Users/stesmith/Documents/depredation/boldgenotyper/data/atlantic_cod_results
[2025-11-19 22:01:30] INFO: 
[2025-11-19 22:01:30] INFO: Saved pipeline parameters to /Users/stesmith/Documents/depredation/boldgenotyper/data/atlantic_cod_results/Atlantic Cod_pipeline_parameters.json
[2025-11-19 22:01:30] INFO: PHASE 1: Data Loading and Quality Control
[2025-11-19 22:01:30] INFO: --------------------------------------------------------------------------------
[2025-11-19 22:01:30] INFO: 1.1: Parsing BOLD TSV metadata...
[2025-11-19 22:01:30] INFO: Reading BOLD TSV file: data/atlantic_cod.tsv
[2025-11-19 22:01:30] INFO: Read 707 rows and 83 columns
[2025-11-19 22:01:30] WARNING: Found 10 duplicate processids. Examples: ['GBMTG117-16', 'GBMTG117-16', 'GBMTG117-16', 'GBMTG117-16', 'GBMTG117-16']. Keeping only first occurrence of each duplicate.
[2025-11-19 22:01:30] INFO: After removing duplicates: 697 rows remaining
[2025-11-19 22:01:30] INFO: Data quality summary:
[2025-11-19 22:01:30] INFO:   total_rows: 697
[2025-11-19 22:01:30] INFO:   total_columns: 83
[2025-11-19 22:01:30] INFO:   unique_processids: 697
[2025-11-19 22:01:30] INFO:   sequences_present: 697
[2025-11-19 22:01:30] INFO:   sequences_missing: 0
[2025-11-19 22:01:30] INFO:   empty_sequences: 0
[2025-11-19 22:01:30] INFO:   coords_present: 243
[2025-11-19 22:01:30] INFO:   coords_missing: 454
[2025-11-19 22:01:30] INFO:   centroid_coords: 137
[2025-11-19 22:01:30] INFO:   ✓ Loaded 697 samples with 83 columns
[2025-11-19 22:01:30] INFO: 1.2: Filtering coordinate quality...
[2025-11-19 22:01:30] INFO: Excluded 137 samples with centroid coordinates
[2025-11-19 22:01:30] INFO: Coordinate filtering: 560/697 samples retained (80.3%), 137 excluded
[2025-11-19 22:01:30] INFO:   ✓ Retained 560/697 samples after coordinate filtering
[2025-11-19 22:01:30] INFO: 1.3: Assigning ocean basins...
[2025-11-19 22:01:30] INFO: Loading GOaS shapefile from: /Users/stesmith/Documents/depredation/boldgenotyper/GOaS_v1_20211214/goas_v01.shp
[2025-11-19 22:01:53] INFO: Loaded 10 ocean basins from GOaS shapefile
[2025-11-19 22:01:53] INFO: Creating point geometries from coordinates
[2025-11-19 22:01:53] INFO: Creating point geometries for 106/560 samples with coordinates
[2025-11-19 22:01:53] INFO: Performing spatial join for 106/560 samples with valid coordinates
[2025-11-19 22:01:54] INFO: Spatial join results: 96 assigned to basins, 10 outside all basins
[2025-11-19 22:01:54] INFO: Assigned 464 samples to 'Unknown' basin (no coordinates or outside all basins)
[2025-11-19 22:01:54] INFO:   ✓ Assigned ocean basins to samples
[2025-11-19 22:01:54] INFO: 
[2025-11-19 22:01:54] INFO: PHASE 2: Sequence Dereplication and Consensus Generation
[2025-11-19 22:01:54] INFO: --------------------------------------------------------------------------------
[2025-11-19 22:01:54] INFO: 2.1: Generating FASTA from sequences...
[2025-11-19 22:01:54] INFO:   Minimum sequence length: 400 bp
[2025-11-19 22:01:54] WARNING:   ⚠ Skipped 13 samples with missing or invalid sequences
[2025-11-19 22:01:54] INFO:   ✓ Created 547 FASTA records
[2025-11-19 22:01:54] INFO: 2.2: Dereplicating sequences (clustering at 99% identity)...
[2025-11-19 22:01:54] INFO: Running MAFFT alignment: mafft --auto /Users/stesmith/Documents/depredation/boldgenotyper/data/atlantic_cod_results/intermediate/Atlantic Cod.fasta
[2025-11-19 22:02:03] INFO: MAFFT alignment completed: /Users/stesmith/Documents/depredation/boldgenotyper/data/atlantic_cod_results/intermediate/dereplication/Atlantic Cod_aligned.fasta
[2025-11-19 22:02:03] INFO: Running trimAl: trimal -in /Users/stesmith/Documents/depredation/boldgenotyper/data/atlantic_cod_results/intermediate/dereplication/Atlantic Cod_aligned.fasta -out /Users/stesmith/Documents/depredation/boldgenotyper/data/atlantic_cod_results/intermediate/dereplication/Atlantic Cod_trimmed.fasta -automated1
[2025-11-19 22:02:05] INFO: trimAl completed: /Users/stesmith/Documents/depredation/boldgenotyper/data/atlantic_cod_results/intermediate/dereplication/Atlantic Cod_trimmed.fasta
[2025-11-19 22:02:05] INFO:   Filtered 1 sequences shorter than 300 bp after trimming
[2025-11-19 22:02:05] INFO: Calculating pairwise distances for 546 sequences
[2025-11-19 22:02:30] INFO: Distance calculation complete: 148785 pairwise distances
[2025-11-19 22:02:30] INFO: Clustering sequences with average linkage, threshold=0.03
[2025-11-19 22:02:30] INFO: Clustering complete: 3 clusters formed
[2025-11-19 22:02:31] INFO: Wrote consensus metadata to /Users/stesmith/Documents/depredation/boldgenotyper/data/atlantic_cod_results/intermediate/dereplication/Atlantic Cod_consensus_metadata.csv
[2025-11-19 22:02:31] INFO:   ✓ Identified 3 unique genotypes
[2025-11-19 22:02:31] INFO: 
[2025-11-19 22:02:31] INFO: PHASE 3: Genotype Assignment
[2025-11-19 22:02:31] INFO: --------------------------------------------------------------------------------
[2025-11-19 22:02:31] INFO: 3.1: Assigning samples to genotypes...
[2025-11-19 22:02:31] INFO: ======================================================================
[2025-11-19 22:02:31] INFO: Starting genotype assignment workflow
[2025-11-19 22:02:31] INFO: ======================================================================
[2025-11-19 22:02:31] INFO: Using edlib for fast edit distance calculation
[2025-11-19 22:02:31] INFO: Step 1/6: Loading metadata from /Users/stesmith/Documents/depredation/boldgenotyper/data/atlantic_cod_results/intermediate/02_filtered_metadata.tsv
[2025-11-19 22:02:31] INFO: Loaded 560 samples from metadata
[2025-11-19 22:02:31] INFO: Step 2/6: Loading consensus sequences from /Users/stesmith/Documents/depredation/boldgenotyper/data/atlantic_cod_results/intermediate/dereplication/Atlantic Cod_consensus.fasta
[2025-11-19 22:02:31] INFO: Read 3 sequences from /Users/stesmith/Documents/depredation/boldgenotyper/data/atlantic_cod_results/intermediate/dereplication/Atlantic Cod_consensus.fasta
[2025-11-19 22:02:31] INFO: Loaded 3 consensus groups
[2025-11-19 22:02:31] INFO: Step 3/6: Loading raw sequences from /Users/stesmith/Documents/depredation/boldgenotyper/data/atlantic_cod_results/intermediate/Atlantic Cod.fasta
[2025-11-19 22:02:31] INFO: Read 547 sequences from /Users/stesmith/Documents/depredation/boldgenotyper/data/atlantic_cod_results/intermediate/Atlantic Cod.fasta
[2025-11-19 22:02:31] INFO: Extracted 547 unique processids from FASTA
[2025-11-19 22:02:31] INFO: Step 4/6: Preparing assignment tasks
[2025-11-19 22:02:31] INFO: Prepared 560 assignment tasks
[2025-11-19 22:02:31] INFO: Step 5/6: Assigning genotypes (using 4 processes)
[2025-11-19 22:02:31] INFO: Identity calculation method: target_based
[2025-11-19 22:02:31] INFO: Tie margin: 0.003, tie_min_identity: 0.95
[2025-11-19 22:02:35] INFO: Completed genotype assignment for 560 samples
[2025-11-19 22:02:35] INFO: Step 6/6: Writing outputs
[2025-11-19 22:02:35] INFO: Wrote updated metadata to /Users/stesmith/Documents/depredation/boldgenotyper/data/atlantic_cod_results/intermediate/genotype_assignments/Atlantic Cod_with_genotypes.tsv
[2025-11-19 22:02:35] INFO: Renamed 3 consensus groups with sample counts (_nZ suffix)
[2025-11-19 22:02:35] INFO: Wrote updated metadata to /Users/stesmith/Documents/depredation/boldgenotyper/data/atlantic_cod_results/intermediate/genotype_assignments/Atlantic Cod_with_genotypes.tsv
[2025-11-19 22:02:35] INFO: Wrote diagnostics to /Users/stesmith/Documents/depredation/boldgenotyper/data/atlantic_cod_results/genotype_assignments/Atlantic Cod_diagnostics.csv
[2025-11-19 22:02:35] INFO: ======================================================================
[2025-11-19 22:02:35] INFO: Genotype assignment summary:
[2025-11-19 22:02:35] INFO:   Total samples: 560
[2025-11-19 22:02:35] INFO:   Successfully assigned: 546 (97.5%)
[2025-11-19 22:02:35] INFO:   Unassigned: 14 (2.5%)
[2025-11-19 22:02:35] INFO:     - No sequence in FASTA: 13
[2025-11-19 22:02:35] INFO:     - Below identity threshold: 1
[2025-11-19 22:02:35] INFO:   Diagnostic flags:
[2025-11-19 22:02:35] INFO:     - Ties (ambiguous): 0
[2025-11-19 22:02:35] INFO:     - Low confidence: 0
[2025-11-19 22:02:35] INFO: ======================================================================
[2025-11-19 22:02:35] INFO:   ✓ Assigned 546/560 samples to genotypes
[2025-11-19 22:02:35] INFO:   ✓ Assignment rate: 97.5%
[2025-11-19 22:02:35] INFO: 
[2025-11-19 22:02:35] INFO: PHASE 4: Taxonomy Assignment to Consensus Groups
[2025-11-19 22:02:35] INFO: --------------------------------------------------------------------------------
[2025-11-19 22:02:35] INFO: 4.1: Assigning taxonomy to consensus groups...
[2025-11-19 22:02:35] INFO:   ✓ Assigned taxonomy to 3 consensus groups
[2025-11-19 22:02:35] INFO:   ✓ Saved annotated dataset: /Users/stesmith/Documents/depredation/boldgenotyper/data/atlantic_cod_results/Atlantic Cod_annotated.csv
[2025-11-19 22:02:35] INFO: 
[2025-11-19 22:02:35] INFO: PHASE 5: Phylogenetic Analysis
[2025-11-19 22:02:35] INFO: --------------------------------------------------------------------------------
[2025-11-19 22:02:35] INFO: 5.1: Building phylogenetic tree...
[2025-11-19 22:02:35] INFO: Running MAFFT alignment: mafft --auto --thread 4 /Users/stesmith/Documents/depredation/boldgenotyper/data/atlantic_cod_results/intermediate/dereplication/Atlantic Cod_consensus.fasta
[2025-11-19 22:02:36] INFO: MAFFT alignment completed: /Users/stesmith/Documents/depredation/boldgenotyper/data/atlantic_cod_results/intermediate/phylogenetic/Atlantic Cod_aligned.fasta
[2025-11-19 22:02:36] INFO: Running FastTree: fasttree -nt -gtr -gamma /Users/stesmith/Documents/depredation/boldgenotyper/data/atlantic_cod_results/intermediate/phylogenetic/Atlantic Cod_aligned.fasta
[2025-11-19 22:02:36] INFO: FastTree completed: /Users/stesmith/Documents/depredation/boldgenotyper/data/atlantic_cod_results/intermediate/phylogenetic/Atlantic Cod_tree.nwk
[2025-11-19 22:02:36] INFO:   ✓ Built phylogenetic tree: /Users/stesmith/Documents/depredation/boldgenotyper/data/atlantic_cod_results/phylogenetic/Atlantic Cod_tree.nwk
[2025-11-19 22:02:36] INFO: 5.2: Creating relabeled tree and alignment files...
[2025-11-19 22:02:36] INFO: Relabeling tree and alignment with consensus_group_sp labels
[2025-11-19 22:02:36] INFO: Loaded 3 label mappings from taxonomy CSV
[2025-11-19 22:02:36] INFO: Created 3 base name mappings
[2025-11-19 22:02:36] INFO: Relabeled 3 tree tips, wrote to: /Users/stesmith/Documents/depredation/boldgenotyper/data/atlantic_cod_results/phylogenetic/Atlantic Cod_tree_relabeled.nwk
[2025-11-19 22:02:36] INFO: Relabeled 3 sequences, wrote to: /Users/stesmith/Documents/depredation/boldgenotyper/data/atlantic_cod_results/intermediate/phylogenetic/Atlantic Cod_aligned_relabeled.fasta
[2025-11-19 22:02:36] INFO:   ✓ Created relabeled tree: /Users/stesmith/Documents/depredation/boldgenotyper/data/atlantic_cod_results/phylogenetic/Atlantic Cod_tree_relabeled.nwk
[2025-11-19 22:02:36] INFO:   ✓ Created relabeled alignment (intermediate): /Users/stesmith/Documents/depredation/boldgenotyper/data/atlantic_cod_results/intermediate/phylogenetic/Atlantic Cod_aligned_relabeled.fasta
[2025-11-19 22:02:36] INFO: 
[2025-11-19 22:02:36] INFO: PHASE 6: Visualization
[2025-11-19 22:02:36] INFO: --------------------------------------------------------------------------------
[2025-11-19 22:02:36] INFO: 6.1: Generating plots...
[2025-11-19 22:02:38] INFO: Saved ocean basin abundance (relative) plot: /Users/stesmith/Documents/depredation/boldgenotyper/data/atlantic_cod_results/visualization/Atlantic Cod_distribution_bar.png
[2025-11-19 22:02:39] INFO: Saved ocean basin abundance (total counts) plot: /Users/stesmith/Documents/depredation/boldgenotyper/data/atlantic_cod_results/visualization/Atlantic Cod_totaldistribution_bar.png
[2025-11-19 22:02:39] INFO: Saved identity distribution plot: /Users/stesmith/Documents/depredation/boldgenotyper/data/atlantic_cod_results/visualization/Atlantic Cod_identity_distribution.png
[2025-11-19 22:02:39] INFO: Using relabeled tree for visualization: /Users/stesmith/Documents/depredation/boldgenotyper/data/atlantic_cod_results/phylogenetic/Atlantic Cod_tree_relabeled.nwk
[2025-11-19 22:02:39] INFO: Auto-scaled tree figure size to (8, 5) for 3 tips
[2025-11-19 22:02:40] INFO: Creating faceted distribution map with cartopy backgrounds, faceting by species
[2025-11-19 22:02:41] INFO: Saved faceted distribution map: /Users/stesmith/Documents/depredation/boldgenotyper/data/atlantic_cod_results/visualization/Atlantic Cod_distribution_map_faceted.png
[2025-11-19 22:02:41] INFO: Saved faceted basin abundance plot: /Users/stesmith/Documents/depredation/boldgenotyper/data/atlantic_cod_results/visualization/Atlantic Cod_distribution_bar_faceted.png
[2025-11-19 22:02:42] INFO: Saved ocean basin abundance (relative) plot: /Users/stesmith/Documents/depredation/boldgenotyper/data/atlantic_cod_results/visualization/Atlantic Cod_distribution_bar.pdf
[2025-11-19 22:02:42] INFO: Saved ocean basin abundance (total counts) plot: /Users/stesmith/Documents/depredation/boldgenotyper/data/atlantic_cod_results/visualization/Atlantic Cod_totaldistribution_bar.pdf
[2025-11-19 22:02:42] INFO: Saved identity distribution plot: /Users/stesmith/Documents/depredation/boldgenotyper/data/atlantic_cod_results/visualization/Atlantic Cod_identity_distribution.pdf
[2025-11-19 22:02:42] INFO: Using relabeled tree for visualization: /Users/stesmith/Documents/depredation/boldgenotyper/data/atlantic_cod_results/phylogenetic/Atlantic Cod_tree_relabeled.nwk
[2025-11-19 22:02:42] INFO: Auto-scaled tree figure size to (8, 5) for 3 tips
[2025-11-19 22:02:42] INFO: Creating faceted distribution map with cartopy backgrounds, faceting by species
[2025-11-19 22:02:43] INFO: Saved faceted distribution map: /Users/stesmith/Documents/depredation/boldgenotyper/data/atlantic_cod_results/visualization/Atlantic Cod_distribution_map_faceted.pdf
[2025-11-19 22:02:43] INFO: Saved faceted basin abundance plot: /Users/stesmith/Documents/depredation/boldgenotyper/data/atlantic_cod_results/visualization/Atlantic Cod_distribution_bar_faceted.pdf
[2025-11-19 22:02:43] INFO:   ✓ Generated visualization plots
[2025-11-19 22:02:43] INFO: 
[2025-11-19 22:02:43] INFO: PHASE 7: Generating Reports
[2025-11-19 22:02:43] INFO: --------------------------------------------------------------------------------
[2025-11-19 22:02:43] INFO: Assignment summary saved: /Users/stesmith/Documents/depredation/boldgenotyper/data/atlantic_cod_results/reports/Atlantic Cod_assignment_summary.csv
[2025-11-19 22:02:43] INFO:   ✓ Generated assignment summary: /Users/stesmith/Documents/depredation/boldgenotyper/data/atlantic_cod_results/reports/Atlantic Cod_assignment_summary.csv
[2025-11-19 22:02:43] INFO: 
[2025-11-19 22:02:43] INFO: Cleaning up empty directories...
[2025-11-19 22:02:43] INFO:   ✓ Removed empty directories
[2025-11-19 22:02:43] INFO: 
[2025-11-19 22:02:43] INFO: Generating HTML summary report...
[2025-11-19 22:02:43] INFO: Generating HTML summary report for Atlantic Cod...
[2025-11-19 22:02:43] INFO: HTML report saved: /Users/stesmith/Documents/depredation/boldgenotyper/data/atlantic_cod_results/Atlantic Cod_summary_report.html
[2025-11-19 22:02:43] INFO:   ✓ Generated HTML report: /Users/stesmith/Documents/depredation/boldgenotyper/data/atlantic_cod_results/Atlantic Cod_summary_report.html
[2025-11-19 22:02:43] INFO: 
[2025-11-19 22:02:43] INFO: ================================================================================
[2025-11-19 22:02:43] INFO: ✓ Pipeline completed successfully for Atlantic Cod
[2025-11-19 22:02:43] INFO:   Output directory: /Users/stesmith/Documents/depredation/boldgenotyper/data/atlantic_cod_results
[2025-11-19 22:02:43] INFO:   Key files:
[2025-11-19 22:02:43] INFO:     - Annotated data: /Users/stesmith/Documents/depredation/boldgenotyper/data/atlantic_cod_results/Atlantic Cod_annotated.csv
[2025-11-19 22:02:43] INFO:     - Consensus sequences: /Users/stesmith/Documents/depredation/boldgenotyper/data/atlantic_cod_results/intermediate/dereplication/Atlantic Cod_consensus.fasta
[2025-11-19 22:02:43] INFO:     - Phylogenetic tree: /Users/stesmith/Documents/depredation/boldgenotyper/data/atlantic_cod_results/phylogenetic/Atlantic Cod_tree.nwk
[2025-11-19 22:02:43] INFO:     - HTML summary report: /Users/stesmith/Documents/depredation/boldgenotyper/data/atlantic_cod_results/Atlantic Cod_summary_report.html
[2025-11-19 22:02:43] INFO: ================================================================================
[2025-11-19 22:05:51] INFO: Logging to file: /Users/stesmith/Documents/depredation/boldgenotyper/data/atlantic_cod_results/Atlantic Cod_pipeline.log
[2025-11-19 22:05:51] INFO: ================================================================================
[2025-11-19 22:05:51] INFO: BOLDGenotyper Pipeline - Atlantic Cod
[2025-11-19 22:05:51] INFO: ================================================================================
[2025-11-19 22:05:51] INFO: Input TSV: data/atlantic_cod.tsv
[2025-11-19 22:05:51] INFO: Output directory: /Users/stesmith/Documents/depredation/boldgenotyper/data/atlantic_cod_results
[2025-11-19 22:05:51] INFO: 
[2025-11-19 22:05:51] INFO: Saved pipeline parameters to /Users/stesmith/Documents/depredation/boldgenotyper/data/atlantic_cod_results/Atlantic Cod_pipeline_parameters.json
[2025-11-19 22:05:51] INFO: PHASE 1: Data Loading and Quality Control
[2025-11-19 22:05:51] INFO: --------------------------------------------------------------------------------
[2025-11-19 22:05:51] INFO: 1.1: Parsing BOLD TSV metadata...
[2025-11-19 22:05:51] INFO: Reading BOLD TSV file: data/atlantic_cod.tsv
[2025-11-19 22:05:51] INFO: Read 707 rows and 83 columns
[2025-11-19 22:05:51] WARNING: Found 10 duplicate processids. Examples: ['GBMTG117-16', 'GBMTG117-16', 'GBMTG117-16', 'GBMTG117-16', 'GBMTG117-16']. Keeping only first occurrence of each duplicate.
[2025-11-19 22:05:51] INFO: After removing duplicates: 697 rows remaining
[2025-11-19 22:05:51] INFO: Data quality summary:
[2025-11-19 22:05:51] INFO:   total_rows: 697
[2025-11-19 22:05:51] INFO:   total_columns: 83
[2025-11-19 22:05:51] INFO:   unique_processids: 697
[2025-11-19 22:05:51] INFO:   sequences_present: 697
[2025-11-19 22:05:51] INFO:   sequences_missing: 0
[2025-11-19 22:05:51] INFO:   empty_sequences: 0
[2025-11-19 22:05:51] INFO:   coords_present: 243
[2025-11-19 22:05:51] INFO:   coords_missing: 454
[2025-11-19 22:05:51] INFO:   centroid_coords: 137
[2025-11-19 22:05:51] INFO:   ✓ Loaded 697 samples with 83 columns
[2025-11-19 22:05:51] INFO: 1.2: Filtering coordinate quality...
[2025-11-19 22:05:51] INFO: Excluded 137 samples with centroid coordinates
[2025-11-19 22:05:51] INFO: Coordinate filtering: 560/697 samples retained (80.3%), 137 excluded
[2025-11-19 22:05:51] INFO:   ✓ Retained 560/697 samples after coordinate filtering
[2025-11-19 22:05:51] INFO: 1.3: Assigning ocean basins...
[2025-11-19 22:05:51] INFO: Loading GOaS shapefile from: /Users/stesmith/Documents/depredation/boldgenotyper/GOaS_v1_20211214/goas_v01.shp
[2025-11-19 22:06:15] INFO: Loaded 10 ocean basins from GOaS shapefile
[2025-11-19 22:06:15] INFO: Creating point geometries from coordinates
[2025-11-19 22:06:15] INFO: Creating point geometries for 106/560 samples with coordinates
[2025-11-19 22:06:15] INFO: Performing spatial join for 106/560 samples with valid coordinates
[2025-11-19 22:06:15] INFO: Spatial join results: 96 assigned to basins, 10 outside all basins
[2025-11-19 22:06:15] INFO: Assigned 464 samples to 'Unknown' basin (no coordinates or outside all basins)
[2025-11-19 22:06:15] INFO:   ✓ Assigned ocean basins to samples
[2025-11-19 22:06:15] INFO: 
[2025-11-19 22:06:15] INFO: PHASE 2: Sequence Dereplication and Consensus Generation
[2025-11-19 22:06:15] INFO: --------------------------------------------------------------------------------
[2025-11-19 22:06:15] INFO: 2.1: Generating FASTA from sequences...
[2025-11-19 22:06:15] INFO:   Minimum sequence length: 400 bp
[2025-11-19 22:06:15] WARNING:   ⚠ Skipped 13 samples with missing or invalid sequences
[2025-11-19 22:06:15] INFO:   ✓ Created 547 FASTA records
[2025-11-19 22:06:15] INFO: 2.2: Dereplicating sequences (clustering at 99% identity)...
[2025-11-19 22:06:15] INFO: Running MAFFT alignment: mafft --auto /Users/stesmith/Documents/depredation/boldgenotyper/data/atlantic_cod_results/intermediate/Atlantic Cod.fasta
[2025-11-19 22:06:25] INFO: MAFFT alignment completed: /Users/stesmith/Documents/depredation/boldgenotyper/data/atlantic_cod_results/intermediate/dereplication/Atlantic Cod_aligned.fasta
[2025-11-19 22:06:25] INFO: Running trimAl: trimal -in /Users/stesmith/Documents/depredation/boldgenotyper/data/atlantic_cod_results/intermediate/dereplication/Atlantic Cod_aligned.fasta -out /Users/stesmith/Documents/depredation/boldgenotyper/data/atlantic_cod_results/intermediate/dereplication/Atlantic Cod_trimmed.fasta -automated1
[2025-11-19 22:06:27] INFO: trimAl completed: /Users/stesmith/Documents/depredation/boldgenotyper/data/atlantic_cod_results/intermediate/dereplication/Atlantic Cod_trimmed.fasta
[2025-11-19 22:06:27] INFO:   Filtered 1 sequences shorter than 300 bp after trimming
[2025-11-19 22:06:27] INFO: Calculating pairwise distances for 546 sequences
[2025-11-19 22:06:53] INFO: Distance calculation complete: 148785 pairwise distances
[2025-11-19 22:06:53] INFO: Clustering sequences with average linkage, threshold=0.02
[2025-11-19 22:06:53] INFO: Clustering complete: 4 clusters formed
[2025-11-19 22:06:54] INFO: Wrote consensus metadata to /Users/stesmith/Documents/depredation/boldgenotyper/data/atlantic_cod_results/intermediate/dereplication/Atlantic Cod_consensus_metadata.csv
[2025-11-19 22:06:54] INFO:   ✓ Identified 4 unique genotypes
[2025-11-19 22:06:54] INFO: 
[2025-11-19 22:06:54] INFO: PHASE 3: Genotype Assignment
[2025-11-19 22:06:54] INFO: --------------------------------------------------------------------------------
[2025-11-19 22:06:54] INFO: 3.1: Assigning samples to genotypes...
[2025-11-19 22:06:54] INFO: ======================================================================
[2025-11-19 22:06:54] INFO: Starting genotype assignment workflow
[2025-11-19 22:06:54] INFO: ======================================================================
[2025-11-19 22:06:54] INFO: Using edlib for fast edit distance calculation
[2025-11-19 22:06:54] INFO: Step 1/6: Loading metadata from /Users/stesmith/Documents/depredation/boldgenotyper/data/atlantic_cod_results/intermediate/02_filtered_metadata.tsv
[2025-11-19 22:06:54] INFO: Loaded 560 samples from metadata
[2025-11-19 22:06:54] INFO: Step 2/6: Loading consensus sequences from /Users/stesmith/Documents/depredation/boldgenotyper/data/atlantic_cod_results/intermediate/dereplication/Atlantic Cod_consensus.fasta
[2025-11-19 22:06:54] INFO: Read 4 sequences from /Users/stesmith/Documents/depredation/boldgenotyper/data/atlantic_cod_results/intermediate/dereplication/Atlantic Cod_consensus.fasta
[2025-11-19 22:06:54] INFO: Loaded 4 consensus groups
[2025-11-19 22:06:54] INFO: Step 3/6: Loading raw sequences from /Users/stesmith/Documents/depredation/boldgenotyper/data/atlantic_cod_results/intermediate/Atlantic Cod.fasta
[2025-11-19 22:06:54] INFO: Read 547 sequences from /Users/stesmith/Documents/depredation/boldgenotyper/data/atlantic_cod_results/intermediate/Atlantic Cod.fasta
[2025-11-19 22:06:54] INFO: Extracted 547 unique processids from FASTA
[2025-11-19 22:06:54] INFO: Step 4/6: Preparing assignment tasks
[2025-11-19 22:06:54] INFO: Prepared 560 assignment tasks
[2025-11-19 22:06:54] INFO: Step 5/6: Assigning genotypes (using 4 processes)
[2025-11-19 22:06:54] INFO: Identity calculation method: target_based
[2025-11-19 22:06:54] INFO: Tie margin: 0.003, tie_min_identity: 0.95
[2025-11-19 22:06:58] INFO: Completed genotype assignment for 560 samples
[2025-11-19 22:06:58] INFO: Step 6/6: Writing outputs
[2025-11-19 22:06:58] INFO: Wrote updated metadata to /Users/stesmith/Documents/depredation/boldgenotyper/data/atlantic_cod_results/intermediate/genotype_assignments/Atlantic Cod_with_genotypes.tsv
[2025-11-19 22:06:58] INFO: Renamed 4 consensus groups with sample counts (_nZ suffix)
[2025-11-19 22:06:58] INFO: Wrote updated metadata to /Users/stesmith/Documents/depredation/boldgenotyper/data/atlantic_cod_results/intermediate/genotype_assignments/Atlantic Cod_with_genotypes.tsv
[2025-11-19 22:06:58] INFO: Wrote diagnostics to /Users/stesmith/Documents/depredation/boldgenotyper/data/atlantic_cod_results/genotype_assignments/Atlantic Cod_diagnostics.csv
[2025-11-19 22:06:58] INFO: ======================================================================
[2025-11-19 22:06:58] INFO: Genotype assignment summary:
[2025-11-19 22:06:58] INFO:   Total samples: 560
[2025-11-19 22:06:58] INFO:   Successfully assigned: 546 (97.5%)
[2025-11-19 22:06:58] INFO:   Unassigned: 14 (2.5%)
[2025-11-19 22:06:58] INFO:     - No sequence in FASTA: 13
[2025-11-19 22:06:58] INFO:     - Below identity threshold: 1
[2025-11-19 22:06:58] INFO:   Diagnostic flags:
[2025-11-19 22:06:58] INFO:     - Ties (ambiguous): 0
[2025-11-19 22:06:58] INFO:     - Low confidence: 0
[2025-11-19 22:06:58] INFO: ======================================================================
[2025-11-19 22:06:58] INFO:   ✓ Assigned 546/560 samples to genotypes
[2025-11-19 22:06:58] INFO:   ✓ Assignment rate: 97.5%
[2025-11-19 22:06:58] INFO: 
[2025-11-19 22:06:58] INFO: PHASE 4: Taxonomy Assignment to Consensus Groups
[2025-11-19 22:06:58] INFO: --------------------------------------------------------------------------------
[2025-11-19 22:06:58] INFO: 4.1: Assigning taxonomy to consensus groups...
[2025-11-19 22:06:58] INFO:   ✓ Assigned taxonomy to 4 consensus groups
[2025-11-19 22:06:58] INFO:   ✓ Saved annotated dataset: /Users/stesmith/Documents/depredation/boldgenotyper/data/atlantic_cod_results/Atlantic Cod_annotated.csv
[2025-11-19 22:06:58] INFO: 
[2025-11-19 22:06:58] INFO: PHASE 5: Phylogenetic Analysis
[2025-11-19 22:06:58] INFO: --------------------------------------------------------------------------------
[2025-11-19 22:06:58] INFO: 5.1: Building phylogenetic tree...
[2025-11-19 22:06:58] INFO: Running MAFFT alignment: mafft --auto --thread 4 /Users/stesmith/Documents/depredation/boldgenotyper/data/atlantic_cod_results/intermediate/dereplication/Atlantic Cod_consensus.fasta
[2025-11-19 22:06:59] INFO: MAFFT alignment completed: /Users/stesmith/Documents/depredation/boldgenotyper/data/atlantic_cod_results/intermediate/phylogenetic/Atlantic Cod_aligned.fasta
[2025-11-19 22:06:59] INFO: Running FastTree: fasttree -nt -gtr -gamma /Users/stesmith/Documents/depredation/boldgenotyper/data/atlantic_cod_results/intermediate/phylogenetic/Atlantic Cod_aligned.fasta
[2025-11-19 22:06:59] INFO: FastTree completed: /Users/stesmith/Documents/depredation/boldgenotyper/data/atlantic_cod_results/intermediate/phylogenetic/Atlantic Cod_tree.nwk
[2025-11-19 22:06:59] INFO:   ✓ Built phylogenetic tree: /Users/stesmith/Documents/depredation/boldgenotyper/data/atlantic_cod_results/phylogenetic/Atlantic Cod_tree.nwk
[2025-11-19 22:06:59] INFO: 5.2: Creating relabeled tree and alignment files...
[2025-11-19 22:06:59] INFO: Relabeling tree and alignment with consensus_group_sp labels
[2025-11-19 22:06:59] INFO: Loaded 4 label mappings from taxonomy CSV
[2025-11-19 22:06:59] INFO: Created 4 base name mappings
[2025-11-19 22:06:59] INFO: Relabeled 4 tree tips, wrote to: /Users/stesmith/Documents/depredation/boldgenotyper/data/atlantic_cod_results/phylogenetic/Atlantic Cod_tree_relabeled.nwk
[2025-11-19 22:06:59] INFO: Relabeled 4 sequences, wrote to: /Users/stesmith/Documents/depredation/boldgenotyper/data/atlantic_cod_results/intermediate/phylogenetic/Atlantic Cod_aligned_relabeled.fasta
[2025-11-19 22:06:59] INFO:   ✓ Created relabeled tree: /Users/stesmith/Documents/depredation/boldgenotyper/data/atlantic_cod_results/phylogenetic/Atlantic Cod_tree_relabeled.nwk
[2025-11-19 22:06:59] INFO:   ✓ Created relabeled alignment (intermediate): /Users/stesmith/Documents/depredation/boldgenotyper/data/atlantic_cod_results/intermediate/phylogenetic/Atlantic Cod_aligned_relabeled.fasta
[2025-11-19 22:06:59] INFO: 
[2025-11-19 22:06:59] INFO: PHASE 6: Visualization
[2025-11-19 22:06:59] INFO: --------------------------------------------------------------------------------
[2025-11-19 22:06:59] INFO: 6.1: Generating plots...
[2025-11-19 22:07:01] INFO: Saved ocean basin abundance (relative) plot: /Users/stesmith/Documents/depredation/boldgenotyper/data/atlantic_cod_results/visualization/Atlantic Cod_distribution_bar.png
[2025-11-19 22:07:01] INFO: Saved ocean basin abundance (total counts) plot: /Users/stesmith/Documents/depredation/boldgenotyper/data/atlantic_cod_results/visualization/Atlantic Cod_totaldistribution_bar.png
[2025-11-19 22:07:02] INFO: Saved identity distribution plot: /Users/stesmith/Documents/depredation/boldgenotyper/data/atlantic_cod_results/visualization/Atlantic Cod_identity_distribution.png
[2025-11-19 22:07:02] INFO: Using relabeled tree for visualization: /Users/stesmith/Documents/depredation/boldgenotyper/data/atlantic_cod_results/phylogenetic/Atlantic Cod_tree_relabeled.nwk
[2025-11-19 22:07:02] INFO: Auto-scaled tree figure size to (8, 5) for 4 tips
[2025-11-19 22:07:02] INFO: Creating faceted distribution map with cartopy backgrounds, faceting by species
[2025-11-19 22:07:04] INFO: Saved faceted distribution map: /Users/stesmith/Documents/depredation/boldgenotyper/data/atlantic_cod_results/visualization/Atlantic Cod_distribution_map_faceted.png
[2025-11-19 22:07:05] INFO: Saved faceted basin abundance plot: /Users/stesmith/Documents/depredation/boldgenotyper/data/atlantic_cod_results/visualization/Atlantic Cod_distribution_bar_faceted.png
[2025-11-19 22:07:05] INFO: Saved ocean basin abundance (relative) plot: /Users/stesmith/Documents/depredation/boldgenotyper/data/atlantic_cod_results/visualization/Atlantic Cod_distribution_bar.pdf
[2025-11-19 22:07:05] INFO: Saved ocean basin abundance (total counts) plot: /Users/stesmith/Documents/depredation/boldgenotyper/data/atlantic_cod_results/visualization/Atlantic Cod_totaldistribution_bar.pdf
[2025-11-19 22:07:06] INFO: Saved identity distribution plot: /Users/stesmith/Documents/depredation/boldgenotyper/data/atlantic_cod_results/visualization/Atlantic Cod_identity_distribution.pdf
[2025-11-19 22:07:06] INFO: Using relabeled tree for visualization: /Users/stesmith/Documents/depredation/boldgenotyper/data/atlantic_cod_results/phylogenetic/Atlantic Cod_tree_relabeled.nwk
[2025-11-19 22:07:06] INFO: Auto-scaled tree figure size to (8, 5) for 4 tips
[2025-11-19 22:07:06] INFO: Creating faceted distribution map with cartopy backgrounds, faceting by species
[2025-11-19 22:07:07] INFO: Saved faceted distribution map: /Users/stesmith/Documents/depredation/boldgenotyper/data/atlantic_cod_results/visualization/Atlantic Cod_distribution_map_faceted.pdf
[2025-11-19 22:07:07] INFO: Saved faceted basin abundance plot: /Users/stesmith/Documents/depredation/boldgenotyper/data/atlantic_cod_results/visualization/Atlantic Cod_distribution_bar_faceted.pdf
[2025-11-19 22:07:07] INFO:   ✓ Generated visualization plots
[2025-11-19 22:07:07] INFO: 
[2025-11-19 22:07:07] INFO: PHASE 7: Generating Reports
[2025-11-19 22:07:07] INFO: --------------------------------------------------------------------------------
[2025-11-19 22:07:07] INFO: Assignment summary saved: /Users/stesmith/Documents/depredation/boldgenotyper/data/atlantic_cod_results/reports/Atlantic Cod_assignment_summary.csv
[2025-11-19 22:07:07] INFO:   ✓ Generated assignment summary: /Users/stesmith/Documents/depredation/boldgenotyper/data/atlantic_cod_results/reports/Atlantic Cod_assignment_summary.csv
[2025-11-19 22:07:07] INFO: 
[2025-11-19 22:07:07] INFO: Cleaning up empty directories...
[2025-11-19 22:07:07] INFO:   ✓ Removed empty directories
[2025-11-19 22:07:07] INFO: 
[2025-11-19 22:07:07] INFO: Generating HTML summary report...
[2025-11-19 22:07:07] INFO: Generating HTML summary report for Atlantic Cod...
[2025-11-19 22:07:07] INFO: HTML report saved: /Users/stesmith/Documents/depredation/boldgenotyper/data/atlantic_cod_results/Atlantic Cod_summary_report.html
[2025-11-19 22:07:07] INFO:   ✓ Generated HTML report: /Users/stesmith/Documents/depredation/boldgenotyper/data/atlantic_cod_results/Atlantic Cod_summary_report.html
[2025-11-19 22:07:07] INFO: 
[2025-11-19 22:07:07] INFO: ================================================================================
[2025-11-19 22:07:07] INFO: ✓ Pipeline completed successfully for Atlantic Cod
[2025-11-19 22:07:07] INFO:   Output directory: /Users/stesmith/Documents/depredation/boldgenotyper/data/atlantic_cod_results
[2025-11-19 22:07:07] INFO:   Key files:
[2025-11-19 22:07:07] INFO:     - Annotated data: /Users/stesmith/Documents/depredation/boldgenotyper/data/atlantic_cod_results/Atlantic Cod_annotated.csv
[2025-11-19 22:07:07] INFO:     - Consensus sequences: /Users/stesmith/Documents/depredation/boldgenotyper/data/atlantic_cod_results/intermediate/dereplication/Atlantic Cod_consensus.fasta
[2025-11-19 22:07:07] INFO:     - Phylogenetic tree: /Users/stesmith/Documents/depredation/boldgenotyper/data/atlantic_cod_results/phylogenetic/Atlantic Cod_tree.nwk
[2025-11-19 22:07:07] INFO:     - HTML summary report: /Users/stesmith/Documents/depredation/boldgenotyper/data/atlantic_cod_results/Atlantic Cod_summary_report.html
[2025-11-19 22:07:07] INFO: ================================================================================
